{"total": {"lines":{"total":140,"covered":130,"skipped":0,"pct":92.85},"statements":{"total":142,"covered":132,"skipped":0,"pct":92.95},"functions":{"total":18,"covered":18,"skipped":0,"pct":100},"branches":{"total":89,"covered":77,"skipped":0,"pct":86.51},"branchesTrue":{"total":0,"covered":0,"skipped":0,"pct":"Unknown"}}
,"/Users/marco/Develop/umoja-gateway/libs/oauth/src/handlers/authorize.handler.ts": {"lines":{"total":140,"covered":130,"skipped":0,"pct":92.85},"functions":{"total":18,"covered":18,"skipped":0,"pct":100},"statements":{"total":142,"covered":132,"skipped":0,"pct":92.95},"branches":{"total":89,"covered":77,"skipped":0,"pct":86.51}}
}
